[2023-07-19 23:58:44,222] [check_wh_correct.py:51] [INFO] Check dataset/UECFOODPIXCOMPLETE/data/UECFoodPIXCOMPLETE/train/img and dataset/UECFOODPIXCOMPLETE/data/UECFoodPIXCOMPLETE/train/mask
[2023-07-19 23:58:44,967] [check_wh_correct.py:44] [WARNING] Image dataset/UECFOODPIXCOMPLETE/data/UECFoodPIXCOMPLETE/train/img/9253.jpg shape is (267, 480, 3). And mask dataset/UECFOODPIXCOMPLETE/data/UECFoodPIXCOMPLETE/train/mask/9253.png shape is (480, 267, 3)
[2023-07-19 23:58:45,263] [check_wh_correct.py:44] [WARNING] Image dataset/UECFOODPIXCOMPLETE/data/UECFoodPIXCOMPLETE/train/img/14625.jpg shape is (640, 480, 3). And mask dataset/UECFOODPIXCOMPLETE/data/UECFoodPIXCOMPLETE/train/mask/14625.png shape is (480, 640, 3)
[2023-07-19 23:58:45,708] [check_wh_correct.py:44] [WARNING] Image dataset/UECFOODPIXCOMPLETE/data/UECFoodPIXCOMPLETE/train/img/11439.jpg shape is (480, 270, 3). And mask dataset/UECFOODPIXCOMPLETE/data/UECFoodPIXCOMPLETE/train/mask/11439.png shape is (270, 480, 3)
[2023-07-19 23:58:45,916] [check_wh_correct.py:44] [WARNING] Image dataset/UECFOODPIXCOMPLETE/data/UECFoodPIXCOMPLETE/train/img/10787.jpg shape is (267, 480, 3). And mask dataset/UECFOODPIXCOMPLETE/data/UECFoodPIXCOMPLETE/train/mask/10787.png shape is (480, 267, 3)
[2023-07-19 23:58:46,277] [check_wh_correct.py:44] [WARNING] Image dataset/UECFOODPIXCOMPLETE/data/UECFoodPIXCOMPLETE/train/img/11440.jpg shape is (480, 270, 3). And mask dataset/UECFOODPIXCOMPLETE/data/UECFoodPIXCOMPLETE/train/mask/11440.png shape is (270, 480, 3)
[2023-07-19 23:58:47,522] [check_wh_correct.py:44] [WARNING] Image dataset/UECFOODPIXCOMPLETE/data/UECFoodPIXCOMPLETE/train/img/12767.jpg shape is (640, 480, 3). And mask dataset/UECFOODPIXCOMPLETE/data/UECFoodPIXCOMPLETE/train/mask/12767.png shape is (480, 640, 3)
[2023-07-19 23:58:47,736] [check_wh_correct.py:44] [WARNING] Image dataset/UECFOODPIXCOMPLETE/data/UECFoodPIXCOMPLETE/train/img/11435.jpg shape is (480, 270, 3). And mask dataset/UECFOODPIXCOMPLETE/data/UECFoodPIXCOMPLETE/train/mask/11435.png shape is (270, 480, 3)
[2023-07-19 23:58:47,900] [check_wh_correct.py:44] [WARNING] Image dataset/UECFOODPIXCOMPLETE/data/UECFoodPIXCOMPLETE/train/img/2890.jpg shape is (400, 333, 3). And mask dataset/UECFOODPIXCOMPLETE/data/UECFoodPIXCOMPLETE/train/mask/2890.png shape is (333, 400, 3)
[2023-07-19 23:58:48,218] [check_wh_correct.py:44] [WARNING] Image dataset/UECFOODPIXCOMPLETE/data/UECFoodPIXCOMPLETE/train/img/10784.jpg shape is (267, 480, 3). And mask dataset/UECFOODPIXCOMPLETE/data/UECFoodPIXCOMPLETE/train/mask/10784.png shape is (480, 267, 3)
[2023-07-19 23:58:49,172] [check_wh_correct.py:44] [WARNING] Image dataset/UECFOODPIXCOMPLETE/data/UECFoodPIXCOMPLETE/train/img/10870.jpg shape is (360, 480, 3). And mask dataset/UECFOODPIXCOMPLETE/data/UECFoodPIXCOMPLETE/train/mask/10870.png shape is (480, 360, 3)
[2023-07-19 23:58:49,554] [check_wh_correct.py:44] [WARNING] Image dataset/UECFOODPIXCOMPLETE/data/UECFoodPIXCOMPLETE/train/img/4598.jpg shape is (300, 428, 3). And mask dataset/UECFOODPIXCOMPLETE/data/UECFoodPIXCOMPLETE/train/mask/4598.png shape is (428, 300, 3)
[2023-07-19 23:58:51,366] [check_wh_correct.py:44] [WARNING] Image dataset/UECFOODPIXCOMPLETE/data/UECFoodPIXCOMPLETE/train/img/5004.jpg shape is (640, 480, 3). And mask dataset/UECFOODPIXCOMPLETE/data/UECFoodPIXCOMPLETE/train/mask/5004.png shape is (480, 640, 3)
[2023-07-19 23:58:51,565] [check_wh_correct.py:44] [WARNING] Image dataset/UECFOODPIXCOMPLETE/data/UECFoodPIXCOMPLETE/train/img/9281.jpg shape is (267, 480, 3). And mask dataset/UECFOODPIXCOMPLETE/data/UECFoodPIXCOMPLETE/train/mask/9281.png shape is (480, 267, 3)
[2023-07-19 23:58:51,758] [check_wh_correct.py:44] [WARNING] Image dataset/UECFOODPIXCOMPLETE/data/UECFoodPIXCOMPLETE/train/img/4922.jpg shape is (208, 156, 3). And mask dataset/UECFOODPIXCOMPLETE/data/UECFoodPIXCOMPLETE/train/mask/4922.png shape is (156, 208, 3)
[2023-07-19 23:58:51,839] [check_wh_correct.py:44] [WARNING] Image dataset/UECFOODPIXCOMPLETE/data/UECFoodPIXCOMPLETE/train/img/8421.jpg shape is (256, 192, 3). And mask dataset/UECFOODPIXCOMPLETE/data/UECFoodPIXCOMPLETE/train/mask/8421.png shape is (192, 256, 3)
[2023-07-19 23:58:51,932] [check_wh_correct.py:44] [WARNING] Image dataset/UECFOODPIXCOMPLETE/data/UECFoodPIXCOMPLETE/train/img/14620.jpg shape is (640, 480, 3). And mask dataset/UECFOODPIXCOMPLETE/data/UECFoodPIXCOMPLETE/train/mask/14620.png shape is (480, 640, 3)
[2023-07-19 23:58:52,603] [check_wh_correct.py:44] [WARNING] Image dataset/UECFOODPIXCOMPLETE/data/UECFoodPIXCOMPLETE/train/img/10950.jpg shape is (360, 480, 3). And mask dataset/UECFOODPIXCOMPLETE/data/UECFoodPIXCOMPLETE/train/mask/10950.png shape is (480, 360, 3)
[2023-07-19 23:58:54,071] [check_wh_correct.py:44] [WARNING] Image dataset/UECFOODPIXCOMPLETE/data/UECFoodPIXCOMPLETE/train/img/13337.jpg shape is (240, 400, 3). And mask dataset/UECFOODPIXCOMPLETE/data/UECFoodPIXCOMPLETE/train/mask/13337.png shape is (400, 240, 3)
[2023-07-19 23:58:54,094] [check_wh_correct.py:44] [WARNING] Image dataset/UECFOODPIXCOMPLETE/data/UECFoodPIXCOMPLETE/train/img/11109.jpg shape is (480, 360, 3). And mask dataset/UECFOODPIXCOMPLETE/data/UECFoodPIXCOMPLETE/train/mask/11109.png shape is (360, 480, 3)
[2023-07-19 23:58:55,709] [check_wh_correct.py:44] [WARNING] Image dataset/UECFOODPIXCOMPLETE/data/UECFoodPIXCOMPLETE/train/img/1663.jpg shape is (320, 240, 3). And mask dataset/UECFOODPIXCOMPLETE/data/UECFoodPIXCOMPLETE/train/mask/1663.png shape is (240, 320, 3)
[2023-07-19 23:58:55,963] [check_wh_correct.py:44] [WARNING] Image dataset/UECFOODPIXCOMPLETE/data/UECFoodPIXCOMPLETE/train/img/5194.jpg shape is (422, 450, 3). And mask dataset/UECFOODPIXCOMPLETE/data/UECFoodPIXCOMPLETE/train/mask/5194.png shape is (450, 422, 3)
[2023-07-19 23:58:56,017] [check_wh_correct.py:44] [WARNING] Image dataset/UECFOODPIXCOMPLETE/data/UECFoodPIXCOMPLETE/train/img/4646.jpg shape is (532, 800, 3). And mask dataset/UECFOODPIXCOMPLETE/data/UECFoodPIXCOMPLETE/train/mask/4646.png shape is (800, 532, 3)
[2023-07-19 23:58:56,729] [check_wh_correct.py:44] [WARNING] Image dataset/UECFOODPIXCOMPLETE/data/UECFoodPIXCOMPLETE/train/img/14878.jpg shape is (800, 598, 3). And mask dataset/UECFOODPIXCOMPLETE/data/UECFoodPIXCOMPLETE/train/mask/14878.png shape is (598, 800, 3)
[2023-07-19 23:58:57,212] [check_wh_correct.py:44] [WARNING] Image dataset/UECFOODPIXCOMPLETE/data/UECFoodPIXCOMPLETE/train/img/6282.jpg shape is (450, 265, 3). And mask dataset/UECFOODPIXCOMPLETE/data/UECFoodPIXCOMPLETE/train/mask/6282.png shape is (265, 450, 3)
[2023-07-19 23:58:57,997] [check_wh_correct.py:44] [WARNING] Image dataset/UECFOODPIXCOMPLETE/data/UECFoodPIXCOMPLETE/train/img/14627.jpg shape is (640, 480, 3). And mask dataset/UECFOODPIXCOMPLETE/data/UECFoodPIXCOMPLETE/train/mask/14627.png shape is (480, 640, 3)
[2023-07-19 23:58:59,996] [check_wh_correct.py:44] [WARNING] Image dataset/UECFOODPIXCOMPLETE/data/UECFoodPIXCOMPLETE/train/img/14623.jpg shape is (640, 480, 3). And mask dataset/UECFOODPIXCOMPLETE/data/UECFoodPIXCOMPLETE/train/mask/14623.png shape is (480, 640, 3)
[2023-07-19 23:59:01,783] [check_wh_correct.py:44] [WARNING] Image dataset/UECFOODPIXCOMPLETE/data/UECFoodPIXCOMPLETE/train/img/14577.jpg shape is (800, 600, 3). And mask dataset/UECFOODPIXCOMPLETE/data/UECFoodPIXCOMPLETE/train/mask/14577.png shape is (600, 800, 3)
[2023-07-19 23:59:02,398] [check_wh_correct.py:44] [WARNING] Image dataset/UECFOODPIXCOMPLETE/data/UECFoodPIXCOMPLETE/train/img/11241.jpg shape is (360, 480, 3). And mask dataset/UECFOODPIXCOMPLETE/data/UECFoodPIXCOMPLETE/train/mask/11241.png shape is (480, 360, 3)
[2023-07-19 23:59:02,652] [check_wh_correct.py:44] [WARNING] Image dataset/UECFOODPIXCOMPLETE/data/UECFoodPIXCOMPLETE/train/img/13645.jpg shape is (800, 600, 3). And mask dataset/UECFOODPIXCOMPLETE/data/UECFoodPIXCOMPLETE/train/mask/13645.png shape is (600, 800, 3)
[2023-07-19 23:59:03,569] [check_wh_correct.py:44] [WARNING] Image dataset/UECFOODPIXCOMPLETE/data/UECFoodPIXCOMPLETE/train/img/12746.jpg shape is (600, 800, 3). And mask dataset/UECFOODPIXCOMPLETE/data/UECFoodPIXCOMPLETE/train/mask/12746.png shape is (800, 600, 3)
[2023-07-19 23:59:03,622] [check_wh_correct.py:44] [WARNING] Image dataset/UECFOODPIXCOMPLETE/data/UECFoodPIXCOMPLETE/train/img/1517.jpg shape is (640, 480, 3). And mask dataset/UECFOODPIXCOMPLETE/data/UECFoodPIXCOMPLETE/train/mask/1517.png shape is (480, 640, 3)
[2023-07-19 23:59:04,324] [check_wh_correct.py:44] [WARNING] Image dataset/UECFOODPIXCOMPLETE/data/UECFoodPIXCOMPLETE/train/img/5888.jpg shape is (329, 438, 3). And mask dataset/UECFOODPIXCOMPLETE/data/UECFoodPIXCOMPLETE/train/mask/5888.png shape is (438, 329, 3)
[2023-07-19 23:59:04,789] [check_wh_correct.py:44] [WARNING] Image dataset/UECFOODPIXCOMPLETE/data/UECFoodPIXCOMPLETE/train/img/12776.jpg shape is (350, 263, 3). And mask dataset/UECFOODPIXCOMPLETE/data/UECFoodPIXCOMPLETE/train/mask/12776.png shape is (263, 350, 3)
[2023-07-19 23:59:04,807] [check_wh_correct.py:44] [WARNING] Image dataset/UECFOODPIXCOMPLETE/data/UECFoodPIXCOMPLETE/train/img/12618.jpg shape is (300, 400, 3). And mask dataset/UECFOODPIXCOMPLETE/data/UECFoodPIXCOMPLETE/train/mask/12618.png shape is (400, 300, 3)
[2023-07-19 23:59:04,919] [check_wh_correct.py:44] [WARNING] Image dataset/UECFOODPIXCOMPLETE/data/UECFoodPIXCOMPLETE/train/img/5437.jpg shape is (435, 326, 3). And mask dataset/UECFOODPIXCOMPLETE/data/UECFoodPIXCOMPLETE/train/mask/5437.png shape is (326, 435, 3)
[2023-07-19 23:59:04,974] [check_wh_correct.py:44] [WARNING] Image dataset/UECFOODPIXCOMPLETE/data/UECFoodPIXCOMPLETE/train/img/1518.jpg shape is (640, 480, 3). And mask dataset/UECFOODPIXCOMPLETE/data/UECFoodPIXCOMPLETE/train/mask/1518.png shape is (480, 640, 3)
[2023-07-19 23:59:07,167] [check_wh_correct.py:44] [WARNING] Image dataset/UECFOODPIXCOMPLETE/data/UECFoodPIXCOMPLETE/train/img/2891.jpg shape is (400, 333, 3). And mask dataset/UECFOODPIXCOMPLETE/data/UECFoodPIXCOMPLETE/train/mask/2891.png shape is (333, 400, 3)
[2023-07-19 23:59:07,586] [check_wh_correct.py:44] [WARNING] Image dataset/UECFOODPIXCOMPLETE/data/UECFoodPIXCOMPLETE/train/img/14885.jpg shape is (800, 598, 3). And mask dataset/UECFOODPIXCOMPLETE/data/UECFoodPIXCOMPLETE/train/mask/14885.png shape is (598, 800, 3)
[2023-07-19 23:59:08,860] [check_wh_correct.py:44] [WARNING] Image dataset/UECFOODPIXCOMPLETE/data/UECFoodPIXCOMPLETE/train/img/12577.jpg shape is (300, 400, 3). And mask dataset/UECFOODPIXCOMPLETE/data/UECFoodPIXCOMPLETE/train/mask/12577.png shape is (400, 300, 3)
[2023-07-19 23:59:09,127] [check_wh_correct.py:44] [WARNING] Image dataset/UECFOODPIXCOMPLETE/data/UECFoodPIXCOMPLETE/train/img/9122.jpg shape is (360, 480, 3). And mask dataset/UECFOODPIXCOMPLETE/data/UECFoodPIXCOMPLETE/train/mask/9122.png shape is (480, 360, 3)
[2023-07-19 23:59:09,531] [check_wh_correct.py:44] [WARNING] Image dataset/UECFOODPIXCOMPLETE/data/UECFoodPIXCOMPLETE/train/img/4516.jpg shape is (576, 432, 3). And mask dataset/UECFOODPIXCOMPLETE/data/UECFoodPIXCOMPLETE/train/mask/4516.png shape is (432, 576, 3)
[2023-07-19 23:59:10,231] [check_wh_correct.py:44] [WARNING] Image dataset/UECFOODPIXCOMPLETE/data/UECFoodPIXCOMPLETE/train/img/3849.jpg shape is (640, 480, 3). And mask dataset/UECFOODPIXCOMPLETE/data/UECFoodPIXCOMPLETE/train/mask/3849.png shape is (480, 640, 3)
[2023-07-19 23:59:11,422] [check_wh_correct.py:44] [WARNING] Image dataset/UECFOODPIXCOMPLETE/data/UECFoodPIXCOMPLETE/train/img/10948.jpg shape is (360, 480, 3). And mask dataset/UECFOODPIXCOMPLETE/data/UECFoodPIXCOMPLETE/train/mask/10948.png shape is (480, 360, 3)
[2023-07-19 23:59:11,941] [check_wh_correct.py:44] [WARNING] Image dataset/UECFOODPIXCOMPLETE/data/UECFoodPIXCOMPLETE/train/img/1970.jpg shape is (640, 480, 3). And mask dataset/UECFOODPIXCOMPLETE/data/UECFoodPIXCOMPLETE/train/mask/1970.png shape is (480, 640, 3)
[2023-07-19 23:59:13,345] [check_wh_correct.py:44] [WARNING] Image dataset/UECFOODPIXCOMPLETE/data/UECFoodPIXCOMPLETE/train/img/14510.jpg shape is (640, 480, 3). And mask dataset/UECFOODPIXCOMPLETE/data/UECFoodPIXCOMPLETE/train/mask/14510.png shape is (480, 640, 3)
[2023-07-19 23:59:14,214] [check_wh_correct.py:44] [WARNING] Image dataset/UECFOODPIXCOMPLETE/data/UECFoodPIXCOMPLETE/train/img/10770.jpg shape is (267, 480, 3). And mask dataset/UECFOODPIXCOMPLETE/data/UECFoodPIXCOMPLETE/train/mask/10770.png shape is (480, 267, 3)
[2023-07-19 23:59:14,363] [check_wh_correct.py:44] [WARNING] Image dataset/UECFOODPIXCOMPLETE/data/UECFoodPIXCOMPLETE/train/img/9279.jpg shape is (267, 480, 3). And mask dataset/UECFOODPIXCOMPLETE/data/UECFoodPIXCOMPLETE/train/mask/9279.png shape is (480, 267, 3)
[2023-07-19 23:59:15,284] [check_wh_correct.py:44] [WARNING] Image dataset/UECFOODPIXCOMPLETE/data/UECFoodPIXCOMPLETE/train/img/10947.jpg shape is (360, 480, 3). And mask dataset/UECFOODPIXCOMPLETE/data/UECFoodPIXCOMPLETE/train/mask/10947.png shape is (480, 360, 3)
[2023-07-19 23:59:16,115] [check_wh_correct.py:44] [WARNING] Image dataset/UECFOODPIXCOMPLETE/data/UECFoodPIXCOMPLETE/train/img/10871.jpg shape is (360, 480, 3). And mask dataset/UECFOODPIXCOMPLETE/data/UECFoodPIXCOMPLETE/train/mask/10871.png shape is (480, 360, 3)
[2023-07-19 23:59:16,189] [check_wh_correct.py:44] [WARNING] Image dataset/UECFOODPIXCOMPLETE/data/UECFoodPIXCOMPLETE/train/img/15262.jpg shape is (640, 480, 3). And mask dataset/UECFOODPIXCOMPLETE/data/UECFoodPIXCOMPLETE/train/mask/15262.png shape is (480, 640, 3)
[2023-07-19 23:59:16,214] [check_wh_correct.py:44] [WARNING] Image dataset/UECFOODPIXCOMPLETE/data/UECFoodPIXCOMPLETE/train/img/9034.jpg shape is (400, 300, 3). And mask dataset/UECFOODPIXCOMPLETE/data/UECFoodPIXCOMPLETE/train/mask/9034.png shape is (300, 400, 3)
[2023-07-19 23:59:16,616] [check_wh_correct.py:44] [WARNING] Image dataset/UECFOODPIXCOMPLETE/data/UECFoodPIXCOMPLETE/train/img/12064.jpg shape is (800, 600, 3). And mask dataset/UECFOODPIXCOMPLETE/data/UECFoodPIXCOMPLETE/train/mask/12064.png shape is (600, 800, 3)
[2023-07-19 23:59:16,836] [check_wh_correct.py:44] [WARNING] Image dataset/UECFOODPIXCOMPLETE/data/UECFoodPIXCOMPLETE/train/img/1458.jpg shape is (300, 400, 3). And mask dataset/UECFOODPIXCOMPLETE/data/UECFoodPIXCOMPLETE/train/mask/1458.png shape is (400, 300, 3)
[2023-07-19 23:59:17,327] [check_wh_correct.py:44] [WARNING] Image dataset/UECFOODPIXCOMPLETE/data/UECFoodPIXCOMPLETE/train/img/2486.jpg shape is (800, 600, 3). And mask dataset/UECFOODPIXCOMPLETE/data/UECFoodPIXCOMPLETE/train/mask/2486.png shape is (600, 800, 3)
[2023-07-19 23:59:17,581] [check_wh_correct.py:44] [WARNING] Image dataset/UECFOODPIXCOMPLETE/data/UECFoodPIXCOMPLETE/train/img/11170.jpg shape is (480, 360, 3). And mask dataset/UECFOODPIXCOMPLETE/data/UECFoodPIXCOMPLETE/train/mask/11170.png shape is (360, 480, 3)
[2023-07-19 23:59:17,832] [check_wh_correct.py:44] [WARNING] Image dataset/UECFOODPIXCOMPLETE/data/UECFoodPIXCOMPLETE/train/img/13882.jpg shape is (800, 600, 3). And mask dataset/UECFOODPIXCOMPLETE/data/UECFoodPIXCOMPLETE/train/mask/13882.png shape is (600, 800, 3)
[2023-07-19 23:59:18,936] [check_wh_correct.py:44] [WARNING] Image dataset/UECFOODPIXCOMPLETE/data/UECFoodPIXCOMPLETE/train/img/716.jpg shape is (480, 640, 3). And mask dataset/UECFOODPIXCOMPLETE/data/UECFoodPIXCOMPLETE/train/mask/716.png shape is (640, 480, 3)
[2023-07-19 23:59:20,067] [check_wh_correct.py:44] [WARNING] Image dataset/UECFOODPIXCOMPLETE/data/UECFoodPIXCOMPLETE/train/img/11437.jpg shape is (480, 270, 3). And mask dataset/UECFOODPIXCOMPLETE/data/UECFoodPIXCOMPLETE/train/mask/11437.png shape is (270, 480, 3)
[2023-07-19 23:59:20,206] [check_wh_correct.py:44] [WARNING] Image dataset/UECFOODPIXCOMPLETE/data/UECFoodPIXCOMPLETE/train/img/15195.jpg shape is (640, 478, 3). And mask dataset/UECFOODPIXCOMPLETE/data/UECFoodPIXCOMPLETE/train/mask/15195.png shape is (478, 640, 3)
[2023-07-19 23:59:20,261] [check_wh_correct.py:44] [WARNING] Image dataset/UECFOODPIXCOMPLETE/data/UECFoodPIXCOMPLETE/train/img/8101.jpg shape is (380, 433, 3). And mask dataset/UECFOODPIXCOMPLETE/data/UECFoodPIXCOMPLETE/train/mask/8101.png shape is (433, 380, 3)
[2023-07-19 23:59:20,771] [check_wh_correct.py:44] [WARNING] Image dataset/UECFOODPIXCOMPLETE/data/UECFoodPIXCOMPLETE/train/img/9362.jpg shape is (360, 480, 3). And mask dataset/UECFOODPIXCOMPLETE/data/UECFoodPIXCOMPLETE/train/mask/9362.png shape is (480, 360, 3)
[2023-07-19 23:59:21,315] [check_wh_correct.py:44] [WARNING] Image dataset/UECFOODPIXCOMPLETE/data/UECFoodPIXCOMPLETE/train/img/12476.jpg shape is (640, 480, 3). And mask dataset/UECFOODPIXCOMPLETE/data/UECFoodPIXCOMPLETE/train/mask/12476.png shape is (480, 640, 3)
[2023-07-19 23:59:22,354] [check_wh_correct.py:44] [WARNING] Image dataset/UECFOODPIXCOMPLETE/data/UECFoodPIXCOMPLETE/train/img/10866.jpg shape is (360, 480, 3). And mask dataset/UECFOODPIXCOMPLETE/data/UECFoodPIXCOMPLETE/train/mask/10866.png shape is (480, 360, 3)
[2023-07-19 23:59:22,468] [check_wh_correct.py:44] [WARNING] Image dataset/UECFOODPIXCOMPLETE/data/UECFoodPIXCOMPLETE/train/img/3236.jpg shape is (600, 800, 3). And mask dataset/UECFOODPIXCOMPLETE/data/UECFoodPIXCOMPLETE/train/mask/3236.png shape is (800, 600, 3)
[2023-07-19 23:59:22,703] [check_wh_correct.py:44] [WARNING] Image dataset/UECFOODPIXCOMPLETE/data/UECFoodPIXCOMPLETE/train/img/11244.jpg shape is (360, 480, 3). And mask dataset/UECFOODPIXCOMPLETE/data/UECFoodPIXCOMPLETE/train/mask/11244.png shape is (480, 360, 3)
[2023-07-19 23:59:22,798] [check_wh_correct.py:44] [WARNING] Image dataset/UECFOODPIXCOMPLETE/data/UECFoodPIXCOMPLETE/train/img/6283.jpg shape is (640, 480, 3). And mask dataset/UECFOODPIXCOMPLETE/data/UECFoodPIXCOMPLETE/train/mask/6283.png shape is (480, 640, 3)
[2023-07-19 23:59:23,082] [check_wh_correct.py:44] [WARNING] Image dataset/UECFOODPIXCOMPLETE/data/UECFoodPIXCOMPLETE/train/img/297.jpg shape is (300, 349, 3). And mask dataset/UECFOODPIXCOMPLETE/data/UECFoodPIXCOMPLETE/train/mask/297.png shape is (349, 300, 3)
[2023-07-19 23:59:23,463] [check_wh_correct.py:44] [WARNING] Image dataset/UECFOODPIXCOMPLETE/data/UECFoodPIXCOMPLETE/train/img/283.jpg shape is (460, 613, 3). And mask dataset/UECFOODPIXCOMPLETE/data/UECFoodPIXCOMPLETE/train/mask/283.png shape is (613, 460, 3)
[2023-07-19 23:59:24,025] [check_wh_correct.py:44] [WARNING] Image dataset/UECFOODPIXCOMPLETE/data/UECFoodPIXCOMPLETE/train/img/14622.jpg shape is (640, 480, 3). And mask dataset/UECFOODPIXCOMPLETE/data/UECFoodPIXCOMPLETE/train/mask/14622.png shape is (480, 640, 3)
[2023-07-19 23:59:24,332] [check_wh_correct.py:44] [WARNING] Image dataset/UECFOODPIXCOMPLETE/data/UECFoodPIXCOMPLETE/train/img/10880.jpg shape is (360, 480, 3). And mask dataset/UECFOODPIXCOMPLETE/data/UECFoodPIXCOMPLETE/train/mask/10880.png shape is (480, 360, 3)
[2023-07-19 23:59:24,760] [check_wh_correct.py:44] [WARNING] Image dataset/UECFOODPIXCOMPLETE/data/UECFoodPIXCOMPLETE/train/img/14626.jpg shape is (640, 480, 3). And mask dataset/UECFOODPIXCOMPLETE/data/UECFoodPIXCOMPLETE/train/mask/14626.png shape is (480, 640, 3)
[2023-07-19 23:59:24,840] [check_wh_correct.py:44] [WARNING] Image dataset/UECFOODPIXCOMPLETE/data/UECFoodPIXCOMPLETE/train/img/11191.jpg shape is (360, 480, 3). And mask dataset/UECFOODPIXCOMPLETE/data/UECFoodPIXCOMPLETE/train/mask/11191.png shape is (480, 360, 3)
[2023-07-19 23:59:25,056] [check_wh_correct.py:44] [WARNING] Image dataset/UECFOODPIXCOMPLETE/data/UECFoodPIXCOMPLETE/train/img/9255.jpg shape is (480, 360, 3). And mask dataset/UECFOODPIXCOMPLETE/data/UECFoodPIXCOMPLETE/train/mask/9255.png shape is (360, 480, 3)
[2023-07-19 23:59:25,808] [check_wh_correct.py:44] [WARNING] Image dataset/UECFOODPIXCOMPLETE/data/UECFoodPIXCOMPLETE/train/img/11236.jpg shape is (360, 480, 3). And mask dataset/UECFOODPIXCOMPLETE/data/UECFoodPIXCOMPLETE/train/mask/11236.png shape is (480, 360, 3)
[2023-07-19 23:59:26,072] [check_wh_correct.py:51] [INFO] Check dataset/UECFOODPIXCOMPLETE/data/UECFoodPIXCOMPLETE/test/img and dataset/UECFOODPIXCOMPLETE/data/UECFoodPIXCOMPLETE/test/mask
[2023-07-19 23:59:26,646] [check_wh_correct.py:44] [WARNING] Image dataset/UECFOODPIXCOMPLETE/data/UECFoodPIXCOMPLETE/test/img/10873.jpg shape is (360, 480, 3). And mask dataset/UECFOODPIXCOMPLETE/data/UECFoodPIXCOMPLETE/test/mask/10873.png shape is (480, 360, 3)
[2023-07-19 23:59:28,953] [check_wh_correct.py:44] [WARNING] Image dataset/UECFOODPIXCOMPLETE/data/UECFoodPIXCOMPLETE/test/img/14506.jpg shape is (640, 480, 3). And mask dataset/UECFOODPIXCOMPLETE/data/UECFoodPIXCOMPLETE/test/mask/14506.png shape is (480, 640, 3)
[2023-07-19 23:59:29,620] [check_wh_correct.py:44] [WARNING] Image dataset/UECFOODPIXCOMPLETE/data/UECFoodPIXCOMPLETE/test/img/14504.jpg shape is (640, 480, 3). And mask dataset/UECFOODPIXCOMPLETE/data/UECFoodPIXCOMPLETE/test/mask/14504.png shape is (480, 640, 3)
[2023-07-19 23:59:29,954] [check_wh_correct.py:44] [WARNING] Image dataset/UECFOODPIXCOMPLETE/data/UECFoodPIXCOMPLETE/test/img/9274.jpg shape is (267, 480, 3). And mask dataset/UECFOODPIXCOMPLETE/data/UECFoodPIXCOMPLETE/test/mask/9274.png shape is (480, 267, 3)
[2023-07-19 23:59:30,568] [check_wh_correct.py:56] [INFO] Check dataset/FoodSeg103/Images/img_dir/train and dataset/FoodSeg103/Images/ann_dir/train
[2023-07-20 00:01:02,198] [check_wh_correct.py:56] [INFO] Check dataset/FoodSeg103/Images/img_dir/test and dataset/FoodSeg103/Images/ann_dir/test
